The system is: Windows - 10.0.17134 - AMD64
Compiling the C compiler identification source file "CMakeCCompilerId.c" succeeded.
Compiler: C:/Program Files (x86)/Microsoft Visual Studio/2017/BuildTools/VC/Tools/MSVC/14.16.27023/bin/Hostx86/x86/cl.exe 
Build flags: 
Id flags:  

The output was:
0
Microsoft (R) C/C++ Optimizing Compiler Version 19.16.27024.1 for x86
Copyright (C) Microsoft Corporation.  All rights reserved.

CMakeCCompilerId.c
Microsoft (R) Incremental Linker Version 14.16.27024.1
Copyright (C) Microsoft Corporation.  All rights reserved.

/out:CMakeCCompilerId.exe 
CMakeCCompilerId.obj 


Compilation of the C compiler identification source "CMakeCCompilerId.c" produced "CMakeCCompilerId.exe"

Compilation of the C compiler identification source "CMakeCCompilerId.c" produced "CMakeCCompilerId.obj"

The C compiler identification is MSVC, found in "C:/Users/Admin/interface/cmake-build-debug/CMakeFiles/3.13.2/CompilerIdC/CMakeCCompilerId.exe"

Determining if the C compiler works passed with the following output:
Change Dir: C:/Users/Admin/interface/cmake-build-debug/CMakeFiles/CMakeTmp

Run Build Command:"nmake" "/nologo" "cmTC_2201c\fast"
	"C:\Program Files (x86)\Microsoft Visual Studio\2017\BuildTools\VC\Tools\MSVC\14.16.27023\bin\HostX86\x86\nmake.exe" -f CMakeFiles\cmTC_2201c.dir\build.make /nologo -L                  CMakeFiles\cmTC_2201c.dir\build
Building C object CMakeFiles/cmTC_2201c.dir/testCCompiler.c.obj
	C:\PROGRA~2\MIB055~1\2017\BUILDT~1\VC\Tools\MSVC\1416~1.270\bin\Hostx86\x86\cl.exe @C:\Users\Admin\AppData\Local\Temp\nmB13B.tmp
testCCompiler.c
Linking C executable cmTC_2201c.exe
	"C:\Program Files\JetBrains\CLion 2018.3.4\bin\cmake\win\bin\cmake.exe" -E vs_link_exe --intdir=CMakeFiles\cmTC_2201c.dir --manifests  -- C:\PROGRA~2\MIB055~1\2017\BUILDT~1\VC\Tools\MSVC\1416~1.270\bin\Hostx86\x86\link.exe /nologo @CMakeFiles\cmTC_2201c.dir\objects1.rsp @C:\Users\Admin\AppData\Local\Temp\nmB236.tmp


Detecting C compiler ABI info compiled with the following output:
Change Dir: C:/Users/Admin/interface/cmake-build-debug/CMakeFiles/CMakeTmp

Run Build Command:"nmake" "/nologo" "cmTC_48896\fast"
	"C:\Program Files (x86)\Microsoft Visual Studio\2017\BuildTools\VC\Tools\MSVC\14.16.27023\bin\HostX86\x86\nmake.exe" -f CMakeFiles\cmTC_48896.dir\build.make /nologo -L                  CMakeFiles\cmTC_48896.dir\build
Building C object CMakeFiles/cmTC_48896.dir/CMakeCCompilerABI.c.obj
	C:\PROGRA~2\MIB055~1\2017\BUILDT~1\VC\Tools\MSVC\1416~1.270\bin\Hostx86\x86\cl.exe @C:\Users\Admin\AppData\Local\Temp\nmBBD9.tmp
CMakeCCompilerABI.c
Linking C executable cmTC_48896.exe
	"C:\Program Files\JetBrains\CLion 2018.3.4\bin\cmake\win\bin\cmake.exe" -E vs_link_exe --intdir=CMakeFiles\cmTC_48896.dir --manifests  -- C:\PROGRA~2\MIB055~1\2017\BUILDT~1\VC\Tools\MSVC\1416~1.270\bin\Hostx86\x86\link.exe /nologo @CMakeFiles\cmTC_48896.dir\objects1.rsp @C:\Users\Admin\AppData\Local\Temp\nmBC86.tmp




Detecting C [] compiler features compiled with the following output:
Change Dir: C:/Users/Admin/interface/cmake-build-debug/CMakeFiles/CMakeTmp

Run Build Command:"nmake" "/nologo" "cmTC_29139\fast"
	"C:\Program Files (x86)\Microsoft Visual Studio\2017\BuildTools\VC\Tools\MSVC\14.16.27023\bin\HostX86\x86\nmake.exe" -f CMakeFiles\cmTC_29139.dir\build.make /nologo -L                  CMakeFiles\cmTC_29139.dir\build
Building C object CMakeFiles/cmTC_29139.dir/feature_tests.c.obj
	C:\PROGRA~2\MIB055~1\2017\BUILDT~1\VC\Tools\MSVC\1416~1.270\bin\Hostx86\x86\cl.exe @C:\Users\Admin\AppData\Local\Temp\nmBFE1.tmp
feature_tests.c
Linking C executable cmTC_29139.exe
	"C:\Program Files\JetBrains\CLion 2018.3.4\bin\cmake\win\bin\cmake.exe" -E vs_link_exe --intdir=CMakeFiles\cmTC_29139.dir --manifests  -- C:\PROGRA~2\MIB055~1\2017\BUILDT~1\VC\Tools\MSVC\1416~1.270\bin\Hostx86\x86\link.exe /nologo @CMakeFiles\cmTC_29139.dir\objects1.rsp @C:\Users\Admin\AppData\Local\Temp\nmC09D.tmp


    Feature record: C_FEATURE:1c_function_prototypes
    Feature record: C_FEATURE:1c_variadic_macros
